<?xml version="1.0" encoding="UTF-8"?>
<!-- Generated by org.testng.reporters.JUnitReportReporter -->
<testsuite hostname="M-GOL" failures="0" tests="1" name="TestSkripts.DriverCreate" time="37.747" errors="0" timestamp="2021-02-18T11:26:13 MEZ" skipped="0">
  <testcase classname="TestSkripts.DriverCreate" name="Test1" time="37.747"/>
  <system-out/>
</testsuite> <!-- TestSkripts.DriverCreate -->
